<?xml version="1.0" encoding="UTF-8"?>
<testng-results ignored="4" total="5" passed="1" failed="0" skipped="0">
  <reporter-output>
  </reporter-output>
  <suite started-at="2022-02-04T19:21:37 IST" name="Suite" finished-at="2022-02-04T19:23:28 IST" duration-ms="111585">
    <groups>
      <group name="sanity">
        <method signature="LogInPageTest.logInTest(java.lang.String, java.lang.String)[pri:0, instance:com.mystore.testcases.LogInPageTest@2177849e]" name="logInTest" class="com.mystore.testcases.LogInPageTest"/>
      </group> <!-- sanity -->
    </groups>
    <test started-at="2022-02-04T19:21:37 IST" name="Sanity" finished-at="2022-02-04T19:23:28 IST" duration-ms="111585">
      <class name="com.mystore.testcases.LogInPageTest">
        <test-method is-config="true" signature="loadConfig()[pri:0, instance:com.mystore.testcases.LogInPageTest@2177849e]" started-at="2022-02-04T19:21:35 IST" name="loadConfig" finished-at="2022-02-04T19:21:37 IST" duration-ms="1721" status="PASS">
          <reporter-output>
          </reporter-output>
        </test-method> <!-- loadConfig -->
        <test-method is-config="true" signature="setup(java.lang.String)[pri:0, instance:com.mystore.testcases.LogInPageTest@2177849e]" started-at="2022-02-04T19:21:39 IST" name="setup" finished-at="2022-02-04T19:23:14 IST" duration-ms="94915" status="PASS">
          <params>
            <param index="0">
              <value>
                <![CDATA[Chrome]]>
              </value>
            </param>
          </params>
          <reporter-output>
          </reporter-output>
        </test-method> <!-- setup -->
        <test-method signature="logInTest(java.lang.String, java.lang.String)[pri:0, instance:com.mystore.testcases.LogInPageTest@2177849e]" started-at="2022-02-04T19:23:14 IST" name="logInTest" data-provider="credentials" finished-at="2022-02-04T19:23:22 IST" duration-ms="8083" status="PASS">
          <params>
            <param index="0">
              <value>
                <![CDATA[9.92295484E9]]>
              </value>
            </param>
            <param index="1">
              <value>
                <![CDATA[sai@2011]]>
              </value>
            </param>
          </params>
          <reporter-output>
          </reporter-output>
        </test-method> <!-- logInTest -->
        <test-method is-config="true" signature="tearDown()[pri:0, instance:com.mystore.testcases.LogInPageTest@2177849e]" started-at="2022-02-04T19:23:22 IST" name="tearDown" finished-at="2022-02-04T19:23:28 IST" duration-ms="5931" status="PASS">
          <reporter-output>
          </reporter-output>
        </test-method> <!-- tearDown -->
        <test-method is-config="true" signature="afterSuite()[pri:0, instance:com.mystore.testcases.LogInPageTest@2177849e]" started-at="2022-02-04T19:23:30 IST" name="afterSuite" finished-at="2022-02-04T19:23:30 IST" duration-ms="25" status="PASS">
          <reporter-output>
          </reporter-output>
        </test-method> <!-- afterSuite -->
      </class> <!-- com.mystore.testcases.LogInPageTest -->
    </test> <!-- Sanity -->
  </suite> <!-- Suite -->
</testng-results>
