<?xml version="1.0" encoding="UTF-8"?>
<!-- Generated by org.testng.reporters.JUnitXMLReporter -->
<testsuite ignored="3" hostname="Admin-PC" failures="0" tests="2" name="Smoke" time="50.89" errors="0" timestamp="2022-02-03T22:40:39 IST">
  <testcase classname="com.mystore.testcases.IndexPageTest" name="verifyLogo" time="0.278"/>
  <testcase classname="com.mystore.testcases.IndexPageTest" name="verifyTitle" time="0.018"/>
  <testcase classname="com.mystore.base.BaseClass" name="@AfterSuite afterSuite" time="0.0">
    <ignored/>
  </testcase> <!-- @AfterSuite afterSuite -->
  <testcase classname="com.mystore.testcases.LogInPageTest" name="logInTest" time="0.0">
    <ignored/>
  </testcase> <!-- logInTest -->
  <testcase classname="com.mystore.base.BaseClass" name="@BeforeSuite loadConfig" time="0.0">
    <ignored/>
  </testcase> <!-- @BeforeSuite loadConfig -->
</testsuite> <!-- Smoke -->
