<?xml version="1.0" encoding="UTF-8"?>
<!-- Generated by org.testng.reporters.JUnitXMLReporter -->
<testsuite ignored="2" hostname="Admin-PC" failures="1" tests="3" name="Test" time="67.379" errors="0" timestamp="2022-02-04T11:37:38 IST">
  <testcase classname="com.mystore.testcases.LogInPageTest" name="logInTest" time="6.815"/>
  <testcase classname="com.mystore.testcases.IndexPageTest" name="verifyLogo" time="0.432"/>
  <testcase classname="com.mystore.testcases.IndexPageTest" name="verifyTitle" time="0.041">
    <failure type="java.lang.AssertionError" message="expected [true] but found [false]">
      <![CDATA[java.lang.AssertionError: expected [true] but found [false]
at com.mystore.testcases.IndexPageTest.verifyTitle(IndexPageTest.java:38)
at java.base/java.util.ArrayList.forEach(ArrayList.java:1511)
... Removed 31 stack frames]]>
    </failure>
  </testcase> <!-- verifyTitle -->
  <testcase classname="com.mystore.base.BaseClass" name="@AfterSuite afterSuite" time="0.0">
    <ignored/>
  </testcase> <!-- @AfterSuite afterSuite -->
  <testcase classname="com.mystore.base.BaseClass" name="@BeforeSuite loadConfig" time="0.0">
    <ignored/>
  </testcase> <!-- @BeforeSuite loadConfig -->
</testsuite> <!-- Test -->
